<?xml version="1.0" encoding="UTF-8"?>
<testng-results skipped="0" failed="0" ignored="0" total="2" passed="2">
  <reporter-output>
  </reporter-output>
  <suite name="Suite1" duration-ms="34801" started-at="2022-08-12T09:54:40Z" finished-at="2022-08-12T09:55:15Z">
    <groups>
    </groups>
    <test name="selenium" duration-ms="34801" started-at="2022-08-12T09:54:40Z" finished-at="2022-08-12T09:55:15Z">
      <class name="com.gs.poi.h5.sight.SightDetail">
        <test-method status="PASS" signature="setDriver()[pri:0, instance:com.gs.poi.h5.sight.SightDetail@23986957]" name="setDriver" is-config="true" duration-ms="254" started-at="2022-08-12T09:54:40Z" finished-at="2022-08-12T09:54:40Z">
          <reporter-output>
          </reporter-output>
        </test-method> <!-- setDriver -->
        <test-method status="PASS" signature="setup()[pri:0, instance:com.gs.poi.h5.sight.SightDetail@23986957]" name="setup" is-config="true" duration-ms="1462" started-at="2022-08-12T09:54:40Z" finished-at="2022-08-12T09:54:42Z">
          <reporter-output>
          </reporter-output>
        </test-method> <!-- setup -->
        <test-method status="PASS" signature="test()[pri:0, instance:com.gs.poi.h5.sight.SightDetail@23986957]" name="test" duration-ms="19668" started-at="2022-08-12T09:54:42Z" finished-at="2022-08-12T09:55:02Z">
          <reporter-output>
          </reporter-output>
        </test-method> <!-- test -->
        <test-method status="PASS" signature="setup()[pri:0, instance:com.gs.poi.h5.sight.SightDetail@23986957]" name="setup" is-config="true" duration-ms="777" started-at="2022-08-12T09:55:02Z" finished-at="2022-08-12T09:55:02Z">
          <reporter-output>
          </reporter-output>
        </test-method> <!-- setup -->
        <test-method status="PASS" signature="test1()[pri:0, instance:com.gs.poi.h5.sight.SightDetail@23986957]" name="test1" duration-ms="12508" started-at="2022-08-12T09:55:02Z" finished-at="2022-08-12T09:55:15Z">
          <reporter-output>
          </reporter-output>
        </test-method> <!-- test1 -->
        <test-method status="PASS" signature="quit()[pri:0, instance:com.gs.poi.h5.sight.SightDetail@23986957]" name="quit" is-config="true" duration-ms="113" started-at="2022-08-12T09:55:15Z" finished-at="2022-08-12T09:55:15Z">
          <reporter-output>
          </reporter-output>
        </test-method> <!-- quit -->
      </class> <!-- com.gs.poi.h5.sight.SightDetail -->
    </test> <!-- selenium -->
  </suite> <!-- Suite1 -->
</testng-results>
